[INFO] Scanning for projects...
[INFO] 
[INFO] -------------------< com.ejemplo:articulo-api-mysql >-------------------
[INFO] Building Articulo API MySQL 1.0.0
[INFO]   from pom.xml
[INFO] --------------------------------[ jar ]---------------------------------
[INFO] 
[INFO] >>> spring-boot:3.2.5:run (default-cli) > test-compile @ articulo-api-mysql >>>
[INFO] 
[INFO] --- resources:3.3.1:resources (default-resources) @ articulo-api-mysql ---
[INFO] Copying 1 resource from src/main/resources to target/classes
[INFO] Copying 0 resource from src/main/resources to target/classes
[INFO] 
[INFO] --- compiler:3.11.0:compile (default-compile) @ articulo-api-mysql ---
[INFO] Changes detected - recompiling the module! :source
[INFO] Compiling 15 source files with javac [debug release 17] to target/classes
[INFO] 
[INFO] --- resources:3.3.1:testResources (default-testResources) @ articulo-api-mysql ---
[INFO] skip non existing resourceDirectory /Users/pauloorsini/Library/Mobile Documents/com~apple~CloudDocs/Jobs/Edu/TalentoTech/BackEndJAVA/proyecto_final_paulo_orsini/articulo-api-mysql-funcional/src/test/resources
[INFO] 
[INFO] --- compiler:3.11.0:testCompile (default-testCompile) @ articulo-api-mysql ---
[INFO] No sources to compile
[INFO] 
[INFO] <<< spring-boot:3.2.5:run (default-cli) < test-compile @ articulo-api-mysql <<<
[INFO] 
[INFO] 
[INFO] --- spring-boot:3.2.5:run (default-cli) @ articulo-api-mysql ---
[INFO] Attaching agents: []

  .   ____          _            __ _ _
 /\\ / ___'_ __ _ _(_)_ __  __ _ \ \ \ \
( ( )\___ | '_ | '_| | '_ \/ _` | \ \ \ \
 \\/  ___)| |_)| | | | | || (_| |  ) ) ) )
  '  |____| .__|_| |_|_| |_\__, | / / / /
 =========|_|==============|___/=/_/_/_/
 :: Spring Boot ::                (v3.2.5)

2025-11-30T22:03:07.625-03:00  INFO 27576 --- [           main] c.e.articulos.ArticuloApiApplication     : Starting ArticuloApiApplication using Java 21.0.8 with PID 27576 (/Users/pauloorsini/Library/Mobile Documents/com~apple~CloudDocs/Jobs/Edu/TalentoTech/BackEndJAVA/proyecto_final_paulo_orsini/articulo-api-mysql-funcional/target/classes started by pauloorsini in /Users/pauloorsini/Library/Mobile Documents/com~apple~CloudDocs/Jobs/Edu/TalentoTech/BackEndJAVA/proyecto_final_paulo_orsini/articulo-api-mysql-funcional)
2025-11-30T22:03:07.626-03:00  INFO 27576 --- [           main] c.e.articulos.ArticuloApiApplication     : No active profile set, falling back to 1 default profile: "default"
2025-11-30T22:03:07.808-03:00  INFO 27576 --- [           main] .s.d.r.c.RepositoryConfigurationDelegate : Bootstrapping Spring Data JPA repositories in DEFAULT mode.
2025-11-30T22:03:07.823-03:00  INFO 27576 --- [           main] .s.d.r.c.RepositoryConfigurationDelegate : Finished Spring Data repository scanning in 13 ms. Found 2 JPA repository interfaces.
2025-11-30T22:03:07.969-03:00  INFO 27576 --- [           main] o.s.b.w.embedded.tomcat.TomcatWebServer  : Tomcat initialized with port 8080 (http)
2025-11-30T22:03:07.974-03:00  INFO 27576 --- [           main] o.apache.catalina.core.StandardService   : Starting service [Tomcat]
2025-11-30T22:03:07.974-03:00  INFO 27576 --- [           main] o.apache.catalina.core.StandardEngine    : Starting Servlet engine: [Apache Tomcat/10.1.20]
2025-11-30T22:03:07.992-03:00  INFO 27576 --- [           main] o.a.c.c.C.[Tomcat].[localhost].[/]       : Initializing Spring embedded WebApplicationContext
2025-11-30T22:03:07.992-03:00  INFO 27576 --- [           main] w.s.c.ServletWebServerApplicationContext : Root WebApplicationContext: initialization completed in 353 ms
2025-11-30T22:03:08.043-03:00  INFO 27576 --- [           main] o.hibernate.jpa.internal.util.LogHelper  : HHH000204: Processing PersistenceUnitInfo [name: default]
2025-11-30T22:03:08.061-03:00  INFO 27576 --- [           main] org.hibernate.Version                    : HHH000412: Hibernate ORM core version 6.4.4.Final
2025-11-30T22:03:08.070-03:00  INFO 27576 --- [           main] o.h.c.internal.RegionFactoryInitiator    : HHH000026: Second-level cache disabled
2025-11-30T22:03:08.140-03:00  INFO 27576 --- [           main] o.s.o.j.p.SpringPersistenceUnitInfo      : No LoadTimeWeaver setup: ignoring JPA class transformer
2025-11-30T22:03:08.152-03:00  INFO 27576 --- [           main] com.zaxxer.hikari.HikariDataSource       : HikariPool-1 - Starting...
2025-11-30T22:03:08.210-03:00  INFO 27576 --- [           main] com.zaxxer.hikari.pool.HikariPool        : HikariPool-1 - Added connection com.mysql.cj.jdbc.ConnectionImpl@7d66a126
2025-11-30T22:03:08.210-03:00  INFO 27576 --- [           main] com.zaxxer.hikari.HikariDataSource       : HikariPool-1 - Start completed.
2025-11-30T22:03:08.226-03:00  WARN 27576 --- [           main] org.hibernate.orm.deprecation            : HHH90000025: MySQL8Dialect does not need to be specified explicitly using 'hibernate.dialect' (remove the property setting and it will be selected by default)
2025-11-30T22:03:08.226-03:00  WARN 27576 --- [           main] org.hibernate.orm.deprecation            : HHH90000026: MySQL8Dialect has been deprecated; use org.hibernate.dialect.MySQLDialect instead
2025-11-30T22:03:08.484-03:00  INFO 27576 --- [           main] o.h.e.t.j.p.i.JtaPlatformInitiator       : HHH000489: No JTA platform available (set 'hibernate.transaction.jta.platform' to enable JTA platform integration)
2025-11-30T22:03:08.502-03:00  INFO 27576 --- [           main] j.LocalContainerEntityManagerFactoryBean : Initialized JPA EntityManagerFactory for persistence unit 'default'
2025-11-30T22:03:08.579-03:00  WARN 27576 --- [           main] JpaBaseConfiguration$JpaWebConfiguration : spring.jpa.open-in-view is enabled by default. Therefore, database queries may be performed during view rendering. Explicitly configure spring.jpa.open-in-view to disable this warning
2025-11-30T22:03:08.683-03:00  WARN 27576 --- [           main] ConfigServletWebServerApplicationContext : Exception encountered during context initialization - cancelling refresh attempt: org.springframework.context.ApplicationContextException: Failed to start bean 'webServerStartStop'
2025-11-30T22:03:08.683-03:00  INFO 27576 --- [           main] j.LocalContainerEntityManagerFactoryBean : Closing JPA EntityManagerFactory for persistence unit 'default'
2025-11-30T22:03:08.684-03:00  INFO 27576 --- [           main] com.zaxxer.hikari.HikariDataSource       : HikariPool-1 - Shutdown initiated...
2025-11-30T22:03:08.686-03:00  INFO 27576 --- [           main] com.zaxxer.hikari.HikariDataSource       : HikariPool-1 - Shutdown completed.
2025-11-30T22:03:08.690-03:00  INFO 27576 --- [           main] .s.b.a.l.ConditionEvaluationReportLogger : 

Error starting ApplicationContext. To display the condition evaluation report re-run your application with 'debug' enabled.
2025-11-30T22:03:08.695-03:00 ERROR 27576 --- [           main] o.s.b.d.LoggingFailureAnalysisReporter   : 

***************************
APPLICATION FAILED TO START
***************************

Description:

Web server failed to start. Port 8080 was already in use.

Action:

Identify and stop the process that's listening on port 8080 or configure this application to listen on another port.

[INFO] ------------------------------------------------------------------------
[INFO] BUILD FAILURE
[INFO] ------------------------------------------------------------------------
[INFO] Total time:  2.128 s
[INFO] Finished at: 2025-11-30T22:03:08-03:00
[INFO] ------------------------------------------------------------------------
[ERROR] Failed to execute goal org.springframework.boot:spring-boot-maven-plugin:3.2.5:run (default-cli) on project articulo-api-mysql: Process terminated with exit code: 1 -> [Help 1]
[ERROR] 
[ERROR] To see the full stack trace of the errors, re-run Maven with the -e switch.
[ERROR] Re-run Maven using the -X switch to enable full debug logging.
[ERROR] 
[ERROR] For more information about the errors and possible solutions, please read the following articles:
[ERROR] [Help 1] http://cwiki.apache.org/confluence/display/MAVEN/MojoExecutionException
